  pch.cpp
  billboard.cpp
  billboardmanager.cpp
  camera.cpp
  cmeteorock.cpp
  collider.cpp
  debugproc.cpp
  effect.cpp
  energy.cpp
  energymanager.cpp
  explosion.cpp
  explosionManager.cpp
  fade.cpp
  game.cpp
  gameui.cpp
  input.cpp
  jimen.cpp
  life.cpp
  lifemanager.cpp
  light.cpp
  main.cpp
  コンパイル中...
  manager.cpp
  meshcylinder.cpp
  meshdome.cpp
  meshfield.cpp
  meshtrajectory.cpp
  meteomanager.cpp
  meteopillar.cpp
  model.cpp
  modelmanager.cpp
  motion.cpp
C:\Users\student\OneDrive - yoshida-g.ac.jp\デスクトップ\BackUpFile\個人制作\motion.cpp(230,23): warning C4477: 'fscanf' : 書式文字列 '%d' には、型 'int *' の引数が必要ですが、可変個引数 1 は型 'bool *' です
  number.cpp
  object.cpp
  object2D.cpp
  object3D.cpp
  objectx.cpp
  particle.cpp
  pause.cpp
  pauseanager.cpp
  pillermanager.cpp
  player.cpp
  コンパイル中...
  playerManager.cpp
  ranking.cpp
  renderer.cpp
  result.cpp
  resultmanager.cpp
  rock.cpp
  scene.cpp
  score.cpp
  scoremanager.cpp
  shadows.cpp
  texturemanager.cpp
  timemanager.cpp
  timer.cpp
  title.cpp
  titlemanager.cpp
  trajmanager.cpp
  コード生成しています。
  Previous IPDB not found, fall back to full compilation.
  All 983 functions were compiled because no usable IPDB/IOBJ from previous compilation was found.
  コード生成が終了しました。
  Personal production.vcxproj -> C:\Users\student\OneDrive - yoshida-g.ac.jp\デスクトップ\BackUpFile\個人制作\Release\Personal production.exe
